<?xml version="1.0" encoding="UTF-8"?>
<testsuite xmlns:xsi="http://www.w3.org/2001/XMLSchema-instance" xsi:noNamespaceSchemaLocation="https://maven.apache.org/surefire/maven-surefire-plugin/xsd/surefire-test-report.xsd" version="3.0.2" name="com.INGRES.INGRES.IngresApplicationTests" time="9.061" tests="1" errors="0" skipped="0" failures="0">
  <properties>
[...]
</properties>
  <testcase name="contextLoads" classname="com.INGRES.INGRES.IngresApplicationTests" time="1.673">
    <system-out><![CDATA[23:39:40.559 [main] INFO org.springframework.test.context.support.AnnotationConfigContextLoaderUtils -- Could not detect default configuration classes for test class [com.INGRES.INGRES.IngresApplicationTests]: IngresApplicationTests does not declare any static, non-private, non-final, nested classes annotated with @Configuration.
23:39:40.914 [main] INFO org.springframework.boot.test.context.SpringBootTestContextBootstrapper -- Found @SpringBootConfiguration com.INGRES.INGRES.IngresApplication for test class com.INGRES.INGRES.IngresApplicationTests

  .   ____          _            __ _ _
 /\\ / ___'_ __ _ _(_)_ __  __ _ \ \ \ \
( ( )\___ | '_ | '_| | '_ \/ _` | \ \ \ \
 \\/  ___)| |_)| | | | | || (_| |  ) ) ) )
  '  |____| .__|_| |_|_| |_\__, | / / / /
 =========|_|==============|___/=/_/_/_/

 :: Spring Boot ::                (v3.5.5)

2025-09-15T23:39:42.420+05:30  INFO 24848 --- [INGRES] [           main] c.INGRES.INGRES.IngresApplicationTests   : Starting IngresApplicationTests using Java 23.0.1 with PID 24848 (started by Aadi in D:\User\Aadi\OneDrive\Desktop\Hack&ROll\Our Prj\INGRES\INGRES)
2025-09-15T23:39:42.422+05:30  INFO 24848 --- [INGRES] [           main] c.INGRES.INGRES.IngresApplicationTests   : No active profile set, falling back to 1 default profile: "default"
2025-09-15T23:39:43.755+05:30  INFO 24848 --- [INGRES] [           main] .s.d.r.c.RepositoryConfigurationDelegate : Bootstrapping Spring Data MongoDB repositories in DEFAULT mode.
2025-09-15T23:39:43.850+05:30  INFO 24848 --- [INGRES] [           main] .s.d.r.c.RepositoryConfigurationDelegate : Finished Spring Data repository scanning in 83 ms. Found 1 MongoDB repository interface.
WebConfig loaded!
2025-09-15T23:39:45.618+05:30  INFO 24848 --- [INGRES] [           main] org.mongodb.driver.client                : MongoClient with metadata {"application": {"name": "Cluster0"}, "driver": {"name": "mongo-java-driver|sync|spring-boot", "version": "5.5.1"}, "os": {"type": "Windows", "name": "Windows 11", "architecture": "amd64", "version": "10.0"}, "platform": "Java/Oracle Corporation/23.0.1+11-39"} created with settings MongoClientSettings{readPreference=primary, writeConcern=WriteConcern{w=majority, wTimeout=null ms, journal=null}, retryWrites=true, retryReads=true, readConcern=ReadConcern{level=null}, credential=MongoCredential{mechanism=null, userName='aadi1737', source='admin', password=<hidden>, mechanismProperties=<hidden>}, transportSettings=null, commandListeners=[], codecRegistry=ProvidersCodecRegistry{codecProviders=[ValueCodecProvider{}, BsonValueCodecProvider{}, DBRefCodecProvider{}, DBObjectCodecProvider{}, DocumentCodecProvider{}, CollectionCodecProvider{}, IterableCodecProvider{}, MapCodecProvider{}, GeoJsonCodecProvider{}, GridFSFileCodecProvider{}, Jsr310CodecProvider{}, JsonObjectCodecProvider{}, BsonCodecProvider{}, EnumCodecProvider{}, com.mongodb.client.model.mql.ExpressionCodecProvider@764a3e5d, com.mongodb.Jep395RecordCodecProvider@6c742b84, com.mongodb.KotlinCodecProvider@5db3d57c]}, loggerSettings=LoggerSettings{maxDocumentLength=1000}, clusterSettings={hosts=[127.0.0.1:27017], srvHost=cluster0.pgsv6jp.mongodb.net, srvServiceName=mongodb, mode=MULTIPLE, requiredClusterType=REPLICA_SET, requiredReplicaSetName='atlas-mym5jg-shard-0', serverSelector='null', clusterListeners='[]', serverSelectionTimeout='30000 ms', localThreshold='15 ms'}, socketSettings=SocketSettings{connectTimeoutMS=10000, readTimeoutMS=0, receiveBufferSize=0, proxySettings=ProxySettings{host=null, port=null, username=null, password=null}}, heartbeatSocketSettings=SocketSettings{connectTimeoutMS=10000, readTimeoutMS=10000, receiveBufferSize=0, proxySettings=ProxySettings{host=null, port=null, username=null, password=null}}, connectionPoolSettings=ConnectionPoolSettings{maxSize=100, minSize=0, maxWaitTimeMS=120000, maxConnectionLifeTimeMS=0, maxConnectionIdleTimeMS=0, maintenanceInitialDelayMS=0, maintenanceFrequencyMS=60000, connectionPoolListeners=[], maxConnecting=2}, serverSettings=ServerSettings{heartbeatFrequencyMS=10000, minHeartbeatFrequencyMS=500, serverMonitoringMode=AUTO, serverListeners='[]', serverMonitorListeners='[]'}, sslSettings=SslSettings{enabled=true, invalidHostNameAllowed=false, context=null}, applicationName='Cluster0', compressorList=[], uuidRepresentation=JAVA_LEGACY, serverApi=null, autoEncryptionSettings=null, dnsClient=null, inetAddressResolver=null, contextProvider=null, timeoutMS=null}
2025-09-15T23:39:45.747+05:30  INFO 24848 --- [INGRES] [6jp.mongodb.net] org.mongodb.driver.cluster               : Adding discovered server ac-s2uibgb-shard-00-01.pgsv6jp.mongodb.net:27017 to client view of cluster
2025-09-15T23:39:45.796+05:30  INFO 24848 --- [INGRES] [6jp.mongodb.net] org.mongodb.driver.cluster               : Adding discovered server ac-s2uibgb-shard-00-00.pgsv6jp.mongodb.net:27017 to client view of cluster
2025-09-15T23:39:45.800+05:30  INFO 24848 --- [INGRES] [6jp.mongodb.net] org.mongodb.driver.cluster               : Adding discovered server ac-s2uibgb-shard-00-02.pgsv6jp.mongodb.net:27017 to client view of cluster
CORS Mappings are being configured!
2025-09-15T23:39:46.682+05:30  INFO 24848 --- [INGRES] [ngodb.net:27017] org.mongodb.driver.cluster               : Monitor thread successfully connected to server with description ServerDescription{address=ac-s2uibgb-shard-00-01.pgsv6jp.mongodb.net:27017, type=REPLICA_SET_PRIMARY, cryptd=false, state=CONNECTED, ok=true, minWireVersion=0, maxWireVersion=25, maxDocumentSize=16777216, logicalSessionTimeoutMinutes=30, roundTripTimeNanos=560310300, minRoundTripTimeNanos=0, setName='atlas-mym5jg-shard-0', canonicalAddress=ac-s2uibgb-shard-00-01.pgsv6jp.mongodb.net:27017, hosts=[ac-s2uibgb-shard-00-01.pgsv6jp.mongodb.net:27017, ac-s2uibgb-shard-00-00.pgsv6jp.mongodb.net:27017, ac-s2uibgb-shard-00-02.pgsv6jp.mongodb.net:27017], passives=[], arbiters=[], primary='ac-s2uibgb-shard-00-01.pgsv6jp.mongodb.net:27017', tagSet=TagSet{[Tag{name='availabilityZone', value='aps1-az3'}, Tag{name='diskState', value='READY'}, Tag{name='nodeType', value='ELECTABLE'}, Tag{name='provider', value='AWS'}, Tag{name='region', value='AP_SOUTH_1'}, Tag{name='workloadType', value='OPERATIONAL'}]}, electionId=7fffffff0000000000000124, setVersion=293, topologyVersion=TopologyVersion{processId=68c468d21e7352ed7b598953, counter=6}, lastWriteDate=Mon Sep 15 23:44:40 IST 2025, lastUpdateTimeNanos=732742013180900}
2025-09-15T23:39:46.682+05:30  INFO 24848 --- [INGRES] [ngodb.net:27017] org.mongodb.driver.cluster               : Monitor thread successfully connected to server with description ServerDescription{address=ac-s2uibgb-shard-00-02.pgsv6jp.mongodb.net:27017, type=REPLICA_SET_SECONDARY, cryptd=false, state=CONNECTED, ok=true, minWireVersion=0, maxWireVersion=25, maxDocumentSize=16777216, logicalSessionTimeoutMinutes=30, roundTripTimeNanos=491664800, minRoundTripTimeNanos=0, setName='atlas-mym5jg-shard-0', canonicalAddress=ac-s2uibgb-shard-00-02.pgsv6jp.mongodb.net:27017, hosts=[ac-s2uibgb-shard-00-01.pgsv6jp.mongodb.net:27017, ac-s2uibgb-shard-00-00.pgsv6jp.mongodb.net:27017, ac-s2uibgb-shard-00-02.pgsv6jp.mongodb.net:27017], passives=[], arbiters=[], primary='ac-s2uibgb-shard-00-01.pgsv6jp.mongodb.net:27017', tagSet=TagSet{[Tag{name='availabilityZone', value='aps1-az2'}, Tag{name='diskState', value='READY'}, Tag{name='nodeType', value='ELECTABLE'}, Tag{name='provider', value='AWS'}, Tag{name='region', value='AP_SOUTH_1'}, Tag{name='workloadType', value='OPERATIONAL'}]}, electionId=null, setVersion=293, topologyVersion=TopologyVersion{processId=68c46b505ebd9a0c1e165b85, counter=3}, lastWriteDate=Mon Sep 15 23:44:40 IST 2025, lastUpdateTimeNanos=732742013596200}
2025-09-15T23:39:46.682+05:30  INFO 24848 --- [INGRES] [ngodb.net:27017] org.mongodb.driver.cluster               : Monitor thread successfully connected to server with description ServerDescription{address=ac-s2uibgb-shard-00-00.pgsv6jp.mongodb.net:27017, type=REPLICA_SET_SECONDARY, cryptd=false, state=CONNECTED, ok=true, minWireVersion=0, maxWireVersion=25, maxDocumentSize=16777216, logicalSessionTimeoutMinutes=30, roundTripTimeNanos=560310200, minRoundTripTimeNanos=0, setName='atlas-mym5jg-shard-0', canonicalAddress=ac-s2uibgb-shard-00-00.pgsv6jp.mongodb.net:27017, hosts=[ac-s2uibgb-shard-00-01.pgsv6jp.mongodb.net:27017, ac-s2uibgb-shard-00-00.pgsv6jp.mongodb.net:27017, ac-s2uibgb-shard-00-02.pgsv6jp.mongodb.net:27017], passives=[], arbiters=[], primary='ac-s2uibgb-shard-00-01.pgsv6jp.mongodb.net:27017', tagSet=TagSet{[Tag{name='availabilityZone', value='aps1-az1'}, Tag{name='diskState', value='READY'}, Tag{name='nodeType', value='ELECTABLE'}, Tag{name='provider', value='AWS'}, Tag{name='region', value='AP_SOUTH_1'}, Tag{name='workloadType', value='OPERATIONAL'}]}, electionId=null, setVersion=293, topologyVersion=TopologyVersion{processId=68c46a0e848862ed5f97eff4, counter=4}, lastWriteDate=Mon Sep 15 23:44:40 IST 2025, lastUpdateTimeNanos=732742013180900}
2025-09-15T23:39:46.692+05:30  INFO 24848 --- [INGRES] [ngodb.net:27017] org.mongodb.driver.cluster               : Discovered replica set primary ac-s2uibgb-shard-00-01.pgsv6jp.mongodb.net:27017 with max election id 7fffffff0000000000000124 and max set version 293
2025-09-15T23:39:46.819+05:30  WARN 24848 --- [INGRES] [           main] .s.s.UserDetailsServiceAutoConfiguration : 

Using generated security password: 3e5e30d4-6030-4113-991a-4772ae878870

This generated password is for development use only. Your security configuration must be updated before running your application in production.

2025-09-15T23:39:46.838+05:30  INFO 24848 --- [INGRES] [           main] r$InitializeUserDetailsManagerConfigurer : Global AuthenticationManager configured with UserDetailsService bean with name inMemoryUserDetailsManager
2025-09-15T23:39:47.594+05:30  INFO 24848 --- [INGRES] [           main] c.INGRES.INGRES.IngresApplicationTests   : Started IngresApplicationTests in 5.907 seconds (process running for 8.477)
]]></system-out>
    <system-err><![CDATA[Mockito is currently self-attaching to enable the inline-mock-maker. This will no longer work in future releases of the JDK. Please add Mockito as an agent to your build as described in Mockito's documentation: https://javadoc.io/doc/org.mockito/mockito-core/latest/org.mockito/org/mockito/Mockito.html#0.3
WARNING: A Java agent has been loaded dynamically (C:\Users\abhishek\.m2\repository\net\bytebuddy\byte-buddy-agent\1.17.7\byte-buddy-agent-1.17.7.jar)
WARNING: If a serviceability tool is in use, please run with -XX:+EnableDynamicAgentLoading to hide this warning
WARNING: If a serviceability tool is not in use, please run with -Djdk.instrument.traceUsage for more information
WARNING: Dynamic loading of agents will be disallowed by default in a future release
]]></system-err>
  </testcase>
</testsuite>